0 info it worked if it ends with ok
1 verbose cli [ '/Users/philip/.nvm/v0.10.28/bin/node',
1 verbose cli   '/Users/philip/.nvm/v0.10.28/bin/npm',
1 verbose cli   'start' ]
2 info using npm@1.4.9
3 info using node@v0.10.28
4 verbose run-script [ 'prestart', 'start', 'poststart' ]
5 info prestart PiPo@0.1.0
6 info start PiPo@0.1.0
7 verbose unsafe-perm in lifecycle true
8 info PiPo@0.1.0 Failed to exec start script
9 error PiPo@0.1.0 start: `node server.js`
9 error Exit status 8
10 error Failed at the PiPo@0.1.0 start script.
10 error This is most likely a problem with the PiPo package,
10 error not with npm itself.
10 error Tell the author that this fails on your system:
10 error     node server.js
10 error You can get their info via:
10 error     npm owner ls PiPo
10 error There is likely additional logging output above.
11 error System Darwin 14.4.0
12 error command "/Users/philip/.nvm/v0.10.28/bin/node" "/Users/philip/.nvm/v0.10.28/bin/npm" "start"
13 error cwd /Users/philip/github/pipo
14 error node -v v0.10.28
15 error npm -v 1.4.9
16 error code ELIFECYCLE
17 verbose exit [ 1, true ]
